This is pdfTeX, Version 3.14159265-2.6-1.40.19 (TeX Live 2018) (preloaded format=pdflatex 2018.8.28)  15 JUL 2019 17:47
entering extended mode
 restricted \write18 enabled.
 %&-line parsing enabled.
**AhluwaliaCoariBrockDraftDesign.tex
(./AhluwaliaCoariBrockDraftDesign.tex
LaTeX2e <2018-04-01> patch level 2
Babel <3.18> and hyphenation patterns for 84 language(s) loaded.
(./llncs.cls
Document Class: llncs 2004/08/17 v2.14 
 LaTeX document class for Lecture Notes in Computer Science
(/usr/local/texlive/2018/texmf-dist/tex/latex/base/article.cls
Document Class: article 2014/09/29 v1.4h Standard LaTeX document class
(/usr/local/texlive/2018/texmf-dist/tex/latex/base/size10.clo
File: size10.clo 2014/09/29 v1.4h Standard LaTeX file (size option)
)
\c@part=\count80
\c@section=\count81
\c@subsection=\count82
\c@subsubsection=\count83
\c@paragraph=\count84
\c@subparagraph=\count85
\c@figure=\count86
\c@table=\count87
\abovecaptionskip=\skip41
\belowcaptionskip=\skip42
\bibindent=\dimen102
)
(/usr/local/texlive/2018/texmf-dist/tex/latex/tools/multicol.sty
Package: multicol 2018/04/01 v1.8r multicolumn formatting (FMi)
\c@tracingmulticols=\count88
\mult@box=\box26
\multicol@leftmargin=\dimen103
\c@unbalance=\count89
\c@collectmore=\count90
\doublecol@number=\count91
\multicoltolerance=\count92
\multicolpretolerance=\count93
\full@width=\dimen104
\page@free=\dimen105
\premulticols=\dimen106
\postmulticols=\dimen107
\multicolsep=\skip43
\multicolbaselineskip=\skip44
\partial@page=\box27
\last@line=\box28
\maxbalancingoverflow=\dimen108
\mult@rightbox=\box29
\mult@grightbox=\box30
\mult@gfirstbox=\box31
\mult@firstbox=\box32
\@tempa=\box33
\@tempa=\box34
\@tempa=\box35
\@tempa=\box36
\@tempa=\box37
\@tempa=\box38
\@tempa=\box39
\@tempa=\box40
\@tempa=\box41
\@tempa=\box42
\@tempa=\box43
\@tempa=\box44
\@tempa=\box45
\@tempa=\box46
\@tempa=\box47
\@tempa=\box48
\@tempa=\box49
\c@columnbadness=\count94
\c@finalcolumnbadness=\count95
\last@try=\dimen109
\multicolovershoot=\dimen110
\multicolundershoot=\dimen111
\mult@nat@firstbox=\box50
\colbreak@box=\box51
\mc@col@check@num=\count96
)
\c@chapter=\count97
LaTeX Font Info:    Redeclaring math symbol \Gamma on input line 360.
LaTeX Font Info:    Redeclaring math symbol \Delta on input line 361.
LaTeX Font Info:    Redeclaring math symbol \Theta on input line 362.
LaTeX Font Info:    Redeclaring math symbol \Lambda on input line 363.
LaTeX Font Info:    Redeclaring math symbol \Xi on input line 364.
LaTeX Font Info:    Redeclaring math symbol \Pi on input line 365.
LaTeX Font Info:    Redeclaring math symbol \Sigma on input line 366.
LaTeX Font Info:    Redeclaring math symbol \Upsilon on input line 367.
LaTeX Font Info:    Redeclaring math symbol \Phi on input line 368.
LaTeX Font Info:    Redeclaring math symbol \Psi on input line 369.
LaTeX Font Info:    Redeclaring math symbol \Omega on input line 370.
\tocchpnum=\dimen112
\tocsecnum=\dimen113
\tocsectotal=\dimen114
\tocsubsecnum=\dimen115
\tocsubsectotal=\dimen116
\tocsubsubsecnum=\dimen117
\tocsubsubsectotal=\dimen118
\tocparanum=\dimen119
\tocparatotal=\dimen120
\tocsubparanum=\dimen121
\@tempcntc=\count98
\fnindent=\dimen122
\c@@inst=\count99
\c@@auth=\count100
\c@auco=\count101
\instindent=\dimen123
\authrun=\box52
\authorrunning=\toks14
\tocauthor=\toks15
\titrun=\box53
\titlerunning=\toks16
\toctitle=\toks17
\c@theorem=\count102
\c@case=\count103
\c@conjecture=\count104
\c@corollary=\count105
\c@definition=\count106
\c@example=\count107
\c@exercise=\count108
\c@lemma=\count109
\c@note=\count110
\c@problem=\count111
\c@property=\count112
\c@proposition=\count113
\c@question=\count114
\c@solution=\count115
\c@remark=\count116
\headlineindent=\dimen124
)
(/usr/local/texlive/2018/texmf-dist/tex/latex/hyperref/hyperref.sty
Package: hyperref 2018/02/06 v6.86b Hypertext links for LaTeX

(/usr/local/texlive/2018/texmf-dist/tex/generic/oberdiek/hobsub-hyperref.sty
Package: hobsub-hyperref 2016/05/16 v1.14 Bundle oberdiek, subset hyperref (HO)


(/usr/local/texlive/2018/texmf-dist/tex/generic/oberdiek/hobsub-generic.sty
Package: hobsub-generic 2016/05/16 v1.14 Bundle oberdiek, subset generic (HO)
Package: hobsub 2016/05/16 v1.14 Construct package bundles (HO)
Package: infwarerr 2016/05/16 v1.4 Providing info/warning/error messages (HO)
Package: ltxcmds 2016/05/16 v1.23 LaTeX kernel commands for general use (HO)
Package: ifluatex 2016/05/16 v1.4 Provides the ifluatex switch (HO)
Package ifluatex Info: LuaTeX not detected.
Package: ifvtex 2016/05/16 v1.6 Detect VTeX and its facilities (HO)
Package ifvtex Info: VTeX not detected.
Package: intcalc 2016/05/16 v1.2 Expandable calculations with integers (HO)
Package: ifpdf 2017/03/15 v3.2 Provides the ifpdf switch
Package: etexcmds 2016/05/16 v1.6 Avoid name clashes with e-TeX commands (HO)
Package etexcmds Info: Could not find \expanded.
(etexcmds)             That can mean that you are not using pdfTeX 1.50 or
(etexcmds)             that some package has redefined \expanded.
(etexcmds)             In the latter case, load this package earlier.
Package: kvsetkeys 2016/05/16 v1.17 Key value parser (HO)
Package: kvdefinekeys 2016/05/16 v1.4 Define keys (HO)
Package: pdftexcmds 2018/01/30 v0.27 Utility functions of pdfTeX for LuaTeX (HO
)
Package pdftexcmds Info: LuaTeX not detected.
Package pdftexcmds Info: \pdf@primitive is available.
Package pdftexcmds Info: \pdf@ifprimitive is available.
Package pdftexcmds Info: \pdfdraftmode found.
Package: pdfescape 2016/05/16 v1.14 Implements pdfTeX's escape features (HO)
Package: bigintcalc 2016/05/16 v1.4 Expandable calculations on big integers (HO
)
Package: bitset 2016/05/16 v1.2 Handle bit-vector datatype (HO)
Package: uniquecounter 2016/05/16 v1.3 Provide unlimited unique counter (HO)
)
Package hobsub Info: Skipping package `hobsub' (already loaded).
Package: letltxmacro 2016/05/16 v1.5 Let assignment for LaTeX macros (HO)
Package: hopatch 2016/05/16 v1.3 Wrapper for package hooks (HO)
Package: xcolor-patch 2016/05/16 xcolor patch
Package: atveryend 2016/05/16 v1.9 Hooks at the very end of document (HO)
Package atveryend Info: \enddocument detected (standard20110627).
Package: atbegshi 2016/06/09 v1.18 At begin shipout hook (HO)
Package: refcount 2016/05/16 v3.5 Data extraction from label references (HO)
Package: hycolor 2016/05/16 v1.8 Color options for hyperref/bookmark (HO)
)
(/usr/local/texlive/2018/texmf-dist/tex/latex/graphics/keyval.sty
Package: keyval 2014/10/28 v1.15 key=value parser (DPC)
\KV@toks@=\toks18
)
(/usr/local/texlive/2018/texmf-dist/tex/generic/ifxetex/ifxetex.sty
Package: ifxetex 2010/09/12 v0.6 Provides ifxetex conditional
)
(/usr/local/texlive/2018/texmf-dist/tex/latex/oberdiek/auxhook.sty
Package: auxhook 2016/05/16 v1.4 Hooks for auxiliary files (HO)
)
(/usr/local/texlive/2018/texmf-dist/tex/latex/oberdiek/kvoptions.sty
Package: kvoptions 2016/05/16 v3.12 Key value format for package options (HO)
)
\@linkdim=\dimen125
\Hy@linkcounter=\count117
\Hy@pagecounter=\count118

(/usr/local/texlive/2018/texmf-dist/tex/latex/hyperref/pd1enc.def
File: pd1enc.def 2018/02/06 v6.86b Hyperref: PDFDocEncoding definition (HO)
Now handling font encoding PD1 ...
... no UTF-8 mapping file for font encoding PD1
)
\Hy@SavedSpaceFactor=\count119

(/usr/local/texlive/2018/texmf-dist/tex/latex/latexconfig/hyperref.cfg
File: hyperref.cfg 2002/06/06 v1.2 hyperref configuration of TeXLive
)
Package hyperref Info: Hyper figures OFF on input line 4509.
Package hyperref Info: Link nesting OFF on input line 4514.
Package hyperref Info: Hyper index ON on input line 4517.
Package hyperref Info: Plain pages OFF on input line 4524.
Package hyperref Info: Backreferencing OFF on input line 4529.
Package hyperref Info: Implicit mode ON; LaTeX internals redefined.
Package hyperref Info: Bookmarks ON on input line 4762.
\c@Hy@tempcnt=\count120

(/usr/local/texlive/2018/texmf-dist/tex/latex/url/url.sty
\Urlmuskip=\muskip10
Package: url 2013/09/16  ver 3.4  Verb mode for urls, etc.
)
LaTeX Info: Redefining \url on input line 5115.
\XeTeXLinkMargin=\dimen126
\Fld@menulength=\count121
\Field@Width=\dimen127
\Fld@charsize=\dimen128
Package hyperref Info: Hyper figures OFF on input line 6369.
Package hyperref Info: Link nesting OFF on input line 6374.
Package hyperref Info: Hyper index ON on input line 6377.
Package hyperref Info: backreferencing OFF on input line 6384.
Package hyperref Info: Link coloring OFF on input line 6389.
Package hyperref Info: Link coloring with OCG OFF on input line 6394.
Package hyperref Info: PDF/A mode OFF on input line 6399.
LaTeX Info: Redefining \ref on input line 6439.
LaTeX Info: Redefining \pageref on input line 6443.
\Hy@abspage=\count122
\c@Item=\count123
\c@Hfootnote=\count124
)
Package hyperref Info: Driver (autodetected): hpdftex.

(/usr/local/texlive/2018/texmf-dist/tex/latex/hyperref/hpdftex.def
File: hpdftex.def 2018/02/06 v6.86b Hyperref driver for pdfTeX
\Fld@listcount=\count125
\c@bookmark@seq@number=\count126

(/usr/local/texlive/2018/texmf-dist/tex/latex/oberdiek/rerunfilecheck.sty
Package: rerunfilecheck 2016/05/16 v1.8 Rerun checks for auxiliary files (HO)
Package uniquecounter Info: New unique counter `rerunfilecheck' on input line 2
82.
)
\Hy@SectionHShift=\skip45
)
(/usr/local/texlive/2018/texmf-dist/tex/latex/graphics/graphicx.sty
Package: graphicx 2017/06/01 v1.1a Enhanced LaTeX Graphics (DPC,SPQR)

(/usr/local/texlive/2018/texmf-dist/tex/latex/graphics/graphics.sty
Package: graphics 2017/06/25 v1.2c Standard LaTeX Graphics (DPC,SPQR)

(/usr/local/texlive/2018/texmf-dist/tex/latex/graphics/trig.sty
Package: trig 2016/01/03 v1.10 sin cos tan (DPC)
)
(/usr/local/texlive/2018/texmf-dist/tex/latex/graphics-cfg/graphics.cfg
File: graphics.cfg 2016/06/04 v1.11 sample graphics configuration
)
Package graphics Info: Driver file: pdftex.def on input line 99.

(/usr/local/texlive/2018/texmf-dist/tex/latex/graphics-def/pdftex.def
File: pdftex.def 2018/01/08 v1.0l Graphics/color driver for pdftex
))
\Gin@req@height=\dimen129
\Gin@req@width=\dimen130
)
(/usr/local/texlive/2018/texmf-dist/tex/latex/tools/afterpage.sty
Package: afterpage 2014/10/28 v1.08 After-Page Package (DPC)
\AP@output=\toks19
\AP@partial=\box54
\AP@footins=\box55
)
(/usr/local/texlive/2018/texmf-dist/tex/latex/caption/caption.sty
Package: caption 2016/02/21 v3.3-144 Customizing captions (AR)

(/usr/local/texlive/2018/texmf-dist/tex/latex/caption/caption3.sty
Package: caption3 2016/05/22 v1.7-166 caption3 kernel (AR)
Package caption3 Info: TeX engine: e-TeX on input line 67.
\captionmargin=\dimen131
\captionmargin@=\dimen132
\captionwidth=\dimen133
\caption@tempdima=\dimen134
\caption@indent=\dimen135
\caption@parindent=\dimen136
\caption@hangindent=\dimen137
Package caption Info: Unknown document class (or package),
(caption)             standard defaults will be used.
)

Package caption Warning: Unsupported document class (or package) detected,
(caption)                usage of the caption package is not recommended.
See the caption package documentation for explanation.

Package caption Info: \@makecaption = \long macro:#1#2->\vskip \abovecaptionski
p \sbox \@tempboxa {{\bfseries #1.} #2}\ifdim \wd \@tempboxa >\hsize {\bfseries
 #1.} #2\par \else \global \@minipagefalse \hb@xt@ \hsize {\hfil \box \@tempbox
a \hfil }\fi \vskip \belowcaptionskip .
\c@ContinuedFloat=\count127
Package caption Info: hyperref package is loaded.
) (/usr/local/texlive/2018/texmf-dist/tex/latex/caption/subcaption.sty
Package: subcaption 2016/05/22 v1.1-161 Sub-captions (AR)
\c@subfigure=\count128
\c@subtable=\count129
)
(./AhluwaliaCoariBrockDraftDesign.aux

LaTeX Warning: Label `fig:Process Map' multiply defined.

)
\openout1 = `AhluwaliaCoariBrockDraftDesign.aux'.

LaTeX Font Info:    Checking defaults for OML/cmm/m/it on input line 20.
LaTeX Font Info:    ... okay on input line 20.
LaTeX Font Info:    Checking defaults for T1/cmr/m/n on input line 20.
LaTeX Font Info:    ... okay on input line 20.
LaTeX Font Info:    Checking defaults for OT1/cmr/m/n on input line 20.
LaTeX Font Info:    ... okay on input line 20.
LaTeX Font Info:    Checking defaults for OMS/cmsy/m/n on input line 20.
LaTeX Font Info:    ... okay on input line 20.
LaTeX Font Info:    Checking defaults for OMX/cmex/m/n on input line 20.
LaTeX Font Info:    ... okay on input line 20.
LaTeX Font Info:    Checking defaults for U/cmr/m/n on input line 20.
LaTeX Font Info:    ... okay on input line 20.
LaTeX Font Info:    Checking defaults for PD1/pdf/m/n on input line 20.
LaTeX Font Info:    ... okay on input line 20.
\AtBeginShipoutBox=\box56
Package hyperref Info: Link coloring OFF on input line 20.
 (/usr/local/texlive/2018/texmf-dist/tex/latex/hyperref/nameref.sty
Package: nameref 2016/05/21 v2.44 Cross-referencing by name of section

(/usr/local/texlive/2018/texmf-dist/tex/generic/oberdiek/gettitlestring.sty
Package: gettitlestring 2016/05/16 v1.5 Cleanup title references (HO)
)
\c@section@level=\count130
)
LaTeX Info: Redefining \ref on input line 20.
LaTeX Info: Redefining \pageref on input line 20.
LaTeX Info: Redefining \nameref on input line 20.

(./AhluwaliaCoariBrockDraftDesign.out) (./AhluwaliaCoariBrockDraftDesign.out)
\@outlinefile=\write3
\openout3 = `AhluwaliaCoariBrockDraftDesign.out'.


(/usr/local/texlive/2018/texmf-dist/tex/context/base/mkii/supp-pdf.mkii
[Loading MPS to PDF converter (version 2006.09.02).]
\scratchcounter=\count131
\scratchdimen=\dimen138
\scratchbox=\box57
\nofMPsegments=\count132
\nofMParguments=\count133
\everyMPshowfont=\toks20
\MPscratchCnt=\count134
\MPscratchDim=\dimen139
\MPnumerator=\count135
\makeMPintoPDFobject=\count136
\everyMPtoPDFconversion=\toks21
) (/usr/local/texlive/2018/texmf-dist/tex/latex/oberdiek/epstopdf-base.sty
Package: epstopdf-base 2016/05/15 v2.6 Base part for package epstopdf

(/usr/local/texlive/2018/texmf-dist/tex/latex/oberdiek/grfext.sty
Package: grfext 2016/05/16 v1.2 Manage graphics extensions (HO)
)
Package epstopdf-base Info: Redefining graphics rule for `.eps' on input line 4
38.
Package grfext Info: Graphics extension search list:
(grfext)             [.pdf,.png,.jpg,.mps,.jpeg,.jbig2,.jb2,.PDF,.PNG,.JPG,.JPE
G,.JBIG2,.JB2,.eps]
(grfext)             \AppendGraphicsExtensions on input line 456.

(/usr/local/texlive/2018/texmf-dist/tex/latex/latexconfig/epstopdf-sys.cfg
File: epstopdf-sys.cfg 2010/07/13 v1.3 Configuration of (r)epstopdf for TeX Liv
e
))
Package caption Info: Begin \AtBeginDocument code.
Package caption Info: End \AtBeginDocument code.
LaTeX Font Info:    External font `cmex10' loaded for size
(Font)              <7> on input line 23.
LaTeX Font Info:    External font `cmex10' loaded for size
(Font)              <5> on input line 23.
LaTeX Font Info:    Try loading font information for OMS+cmtt on input line 23.

LaTeX Font Info:    No file OMScmtt.fd. on input line 23.


LaTeX Font Warning: Font shape `OMS/cmtt/m/n' undefined
(Font)              using `OMS/cmsy/m/n' instead
(Font)              for symbol `textbraceleft' on input line 23.


Package hyperref Warning: bookmark level for unknown title defaults to 0.


Package hyperref Warning: bookmark level for unknown author defaults to 0.


LaTeX Warning: Citation `ref_url6' on page 1 undefined on input line 35.


LaTeX Warning: Citation `ref_url7' on page 1 undefined on input line 35.

[1

{/usr/local/texlive/2018/texmf-var/fonts/map/pdftex/updmap/pdftex.map}]
Underfull \vbox (badness 10000) has occurred while \output is active []

 [2]
[3]
<Process_Map.png, id=44, 498.36188pt x 79.79813pt>
File: Process_Map.png Graphic file (type png)
<use Process_Map.png>
Package pdftex.def Info: Process_Map.png  used on input line 80.
(pdftex.def)             Requested size: 347.12354pt x 55.5831pt.


Package caption Warning: The option `hypcap=true' will be ignored for this
(caption)                particular \caption on input line 81.
See the caption package documentation for explanation.


Overfull \hbox (15.0pt too wide) in paragraph at lines 78--87
[]$[]$
 []


Underfull \hbox (badness 10000) in paragraph at lines 78--87

 []

[4 <./Process_Map.png>] [5

]
Overfull \hbox (5.77989pt too wide) in paragraph at lines 105--106
\OT1/cmr/m/n/10 char-ac-ters) and a lan-guage key (EN=English, PT=Portuguese, D
E=German).
 []

<Database_Diagram.png, id=70, 361.35pt x 137.01187pt>
File: Database_Diagram.png Graphic file (type png)
<use Database_Diagram.png>
Package pdftex.def Info: Database_Diagram.png  used on input line 113.
(pdftex.def)             Requested size: 347.12354pt x 131.6177pt.

Package caption Warning: The option `hypcap=true' will be ignored for this
(caption)                particular \caption on input line 114.
See the caption package documentation for explanation.


Overfull \hbox (15.0pt too wide) in paragraph at lines 111--120
[]$[]$
 []


Underfull \hbox (badness 10000) in paragraph at lines 111--120

 []

[6 <./Database_Diagram.png>]
<siamese_image.png, id=90, 963.6pt x 542.025pt>
File: siamese_image.png Graphic file (type png)
<use siamese_image.png>
Package pdftex.def Info: siamese_image.png  used on input line 139.
(pdftex.def)             Requested size: 347.12354pt x 195.2529pt.


Package caption Warning: The option `hypcap=true' will be ignored for this
(caption)                particular \caption on input line 140.
See the caption package documentation for explanation.


Overfull \hbox (15.0pt too wide) in paragraph at lines 137--145
[]$[]$
 []


Underfull \hbox (badness 10000) in paragraph at lines 137--145

 []


Underfull \vbox (badness 10000) has occurred while \output is active []

 [7

]
<ma_similarity.png, id=105, 357.335pt x 39.14626pt>
File: ma_similarity.png Graphic file (type png)
<use ma_similarity.png>
Package pdftex.def Info: ma_similarity.png  used on input line 152.
(pdftex.def)             Requested size: 142.2608pt x 15.58475pt.


Package caption Warning: The option `hypcap=true' will be ignored for this
(caption)                particular \caption on input line 153.
See the caption package documentation for explanation.


Overfull \hbox (15.0pt too wide) in paragraph at lines 150--157
[]$[]$
 []


Underfull \hbox (badness 10000) in paragraph at lines 150--157

 []


Underfull \vbox (badness 1242) has occurred while \output is active []

 [8

 <./siamese_image.png (PNG copy)> <./ma_similarity.png>]
<enc_dec_2.png, id=119, 515.9275pt x 388.45125pt>
File: enc_dec_2.png Graphic file (type png)
<use enc_dec_2.png>
Package pdftex.def Info: enc_dec_2.png  used on input line 173.
(pdftex.def)             Requested size: 347.12354pt x 261.36345pt.


Package caption Warning: The option `hypcap=true' will be ignored for this
(caption)                particular \caption on input line 174.
See the caption package documentation for explanation.


Overfull \hbox (15.0pt too wide) in paragraph at lines 171--179
[]$[]$
 []


Underfull \hbox (badness 10000) in paragraph at lines 171--179

 []

<EncoderLSTM.jpeg, id=120, 994.71625pt x 420.57124pt>
File: EncoderLSTM.jpeg Graphic file (type jpg)
<use EncoderLSTM.jpeg>
Package pdftex.def Info: EncoderLSTM.jpeg  used on input line 194.
(pdftex.def)             Requested size: 347.12354pt x 146.76575pt.

Package caption Warning: The option `hypcap=true' will be ignored for this
(caption)                particular \caption on input line 195.
See the caption package documentation for explanation.


Overfull \hbox (15.0pt too wide) in paragraph at lines 192--200
[]$[]$
 []


Underfull \hbox (badness 10000) in paragraph at lines 192--200

 []

[9

 <./enc_dec_2.png>]
<decoder.jpeg, id=130, 940.51375pt x 521.95pt>
File: decoder.jpeg Graphic file (type jpg)
<use decoder.jpeg>
Package pdftex.def Info: decoder.jpeg  used on input line 213.
(pdftex.def)             Requested size: 347.12354pt x 192.64061pt.


Package caption Warning: The option `hypcap=true' will be ignored for this
(caption)                particular \caption on input line 214.
See the caption package documentation for explanation.


Overfull \hbox (15.0pt too wide) in paragraph at lines 211--219
[]$[]$
 []


Underfull \hbox (badness 10000) in paragraph at lines 211--219

 []


Underfull \vbox (badness 10000) has occurred while \output is active []

 [10


 <./EncoderLSTM.jpeg>]

LaTeX Warning: Citation `ref_url5' on page 11 undefined on input line 222.

<architecture.png, id=137, 739.76375pt x 96.36pt>
File: architecture.png Graphic file (type png)
<use architecture.png>
Package pdftex.def Info: architecture.png  used on input line 232.
(pdftex.def)             Requested size: 347.12354pt x 45.21567pt.

Package caption Warning: The option `hypcap=true' will be ignored for this
(caption)                particular \caption on input line 233.
See the caption package documentation for explanation.


Overfull \hbox (15.0pt too wide) in paragraph at lines 230--238
[]$[]$
 []


Underfull \hbox (badness 10000) in paragraph at lines 230--238

 []

<Por-Eng-Train_Loss.png, id=138, 376.40625pt x 264.99pt>
File: Por-Eng-Train_Loss.png Graphic file (type png)
<use Por-Eng-Train_Loss.png>
Package pdftex.def Info: Por-Eng-Train_Loss.png  used on input line 245.
(pdftex.def)             Requested size: 208.27623pt x 146.63045pt.
<Por-Eng-Train_Acc.png, id=139, 382.42876pt x 264.99pt>
File: Por-Eng-Train_Acc.png Graphic file (type png)
<use Por-Eng-Train_Acc.png>
Package pdftex.def Info: Por-Eng-Train_Acc.png  used on input line 250.
(pdftex.def)             Requested size: 208.27623pt x 144.31761pt.

Overfull \hbox (71.48447pt too wide) in paragraph at lines 244--253
[][]  [] 
 []

[11

 <./decoder.jpeg> <./architecture.png>] [12 <./Por-Eng-Train_Loss.png> <./Por-E
ng-Train_Acc.png>]
<Screen_top.png, id=160, 403.5075pt x 206.27063pt>
File: Screen_top.png Graphic file (type png)
<use Screen_top.png>
Package pdftex.def Info: Screen_top.png  used on input line 276.
(pdftex.def)             Requested size: 347.12354pt x 177.44907pt.


Package caption Warning: The option `hypcap=true' will be ignored for this
(caption)                particular \caption on input line 277.
See the caption package documentation for explanation.


Overfull \hbox (15.0pt too wide) in paragraph at lines 274--284
[]$[]$
 []


Underfull \vbox (badness 10000) has occurred while \output is active []

 [13

]
File: Process_Map.png Graphic file (type png)
<use Process_Map.png>
Package pdftex.def Info: Process_Map.png  used on input line 287.
(pdftex.def)             Requested size: 347.12354pt x 55.5831pt.


Package caption Warning: The option `hypcap=true' will be ignored for this
(caption)                particular \caption on input line 288.
See the caption package documentation for explanation.


Overfull \hbox (15.0pt too wide) in paragraph at lines 285--295
[]$[]$
 []

<Screen.png, id=168, 405.76593pt x 414.04688pt>
File: Screen.png Graphic file (type png)
<use Screen.png>
Package pdftex.def Info: Screen.png  used on input line 298.
(pdftex.def)             Requested size: 347.12354pt x 354.21591pt.

Package caption Warning: The option `hypcap=true' will be ignored for this
(caption)                particular \caption on input line 299.
See the caption package documentation for explanation.


Overfull \hbox (15.0pt too wide) in paragraph at lines 296--306
[]$[]$
 []


Underfull \vbox (badness 10000) has occurred while \output is active []

 [14

 <./Screen_top.png>] [15


 <./Screen.png>]
Overfull \hbox (15.0pt too wide) in paragraph at lines 313--328
[]$[]$
 []


Overfull \hbox (15.0pt too wide) in paragraph at lines 335--350
[]$[]$
 []


Underfull \vbox (badness 1540) has occurred while \output is active []

 [16]
Overfull \hbox (15.0pt too wide) in paragraph at lines 360--375
[]$[]$
 []


Overfull \hbox (5.6049pt too wide) in paragraph at lines 385--396
[][] 
 []


Overfull \hbox (15.0pt too wide) in paragraph at lines 384--399
[]$[]$
 []

[17


]
Underfull \vbox (badness 2717) has occurred while \output is active []

 [18


]
Overfull \hbox (30.1233pt too wide) in paragraph at lines 434--435
[][]$\OT1/cmtt/m/n/10 https : / / github . com / coarib / SMU _ Masters _ PST /
 blob / master / data / processed /
 []

[19] [20]
LaTeX Font Info:    External font `cmex10' loaded for size
(Font)              <9> on input line 457.
LaTeX Font Info:    External font `cmex10' loaded for size
(Font)              <6> on input line 457.

Overfull \hbox (28.16669pt too wide) in paragraph at lines 456--458
\OT1/cmtt/m/n/9 google-[]s-[]new-[]translation-[]software-[]powered-[]brainlike
-[]artificial-[]intelligence ?
 []


Underfull \hbox (badness 1460) in paragraph at lines 461--462
\OT1/cmr/m/n/9 Novem-ber 15), Avail-able at: []$\OT1/cmtt/m/n/9 https : / / www
 . blog . google / products / translate /
 []


Underfull \hbox (badness 10000) in paragraph at lines 464--465
[]\OT1/cmr/m/n/9 A ten-minute in-tro-duc-tion to sequence-to-sequence learn-
 []


Underfull \hbox (badness 10000) in paragraph at lines 464--465
\OT1/cmr/m/n/9 ing in Keras, Avail-able at: []$\OT1/cmtt/m/n/9 https : / / blog
 . keras . io /
 []


Underfull \hbox (badness 10000) in paragraph at lines 464--465
\OT1/cmtt/m/n/9 a-[]ten-[]minute-[]introduction-[]to-[]sequence-[]to-[]sequence
-[]learning-[]in-[]keras .
 []


Underfull \hbox (badness 1460) in paragraph at lines 473--474
\OT1/cmr/m/n/9 Novem-ber 15), Avail-able at: []$\OT1/cmtt/m/n/9 https : / / www
 . blog . google / products / translate /
 []


Underfull \hbox (badness 1371) in paragraph at lines 479--480
[]\OT1/cmr/m/n/9 Travel English-- 100 sen-tences you must know, Avail-able at: 
[]$\OT1/cmtt/m/n/9 https : / / www .
 []


Underfull \hbox (badness 10000) in paragraph at lines 482--483
[]\OT1/cmr/m/n/9 100 Com-mon En-glish Phrases and Sen-tence Pat-terns (With
 []


Underfull \hbox (badness 10000) in paragraph at lines 482--483
\OT1/cmr/m/n/9 Di-a-logue), Avail-able at: []$\OT1/cmtt/m/n/9 https : / / basic
englishspeaking . com /
 []


Underfull \hbox (badness 3078) in paragraph at lines 491--492
\OT1/cmtt/m/n/9 com / develop-[]neural-[]machine-[]translation-[]system-[]keras
/$[]\OT1/cmr/m/n/9 . Last ac-cessed 25
 []


Underfull \hbox (badness 10000) in paragraph at lines 497--498
[]\OT1/cmr/m/n/9 Found in trans-la-tion: More ac-cu-rate, flu-ent sen-tences in

 []


Underfull \hbox (badness 10000) in paragraph at lines 497--498
\OT1/cmr/m/n/9 Google Trans-lat, by Cather-ine Mat-acic on Sep. 27, 2016,
 []


Underfull \hbox (badness 10000) in paragraph at lines 497--498
\OT1/cmr/m/n/9 Avail-able at: []$\OT1/cmtt/m/n/9 https : / / www . sciencemag .
 org / news / 2016 / 09 /
 []


Overfull \hbox (28.16669pt too wide) in paragraph at lines 497--498
\OT1/cmtt/m/n/9 google-[]s-[]new-[]translation-[]software-[]powered-[]brainlike
-[]artificial-[]intelligence ?
 []

[21]
Underfull \hbox (badness 10000) in paragraph at lines 500--501
[]\OT1/cmr/m/n/9 What is Eu-clidean Dis-tance?, On April 1, 2017, Avail-able at
:
 []


Underfull \hbox (badness 10000) in paragraph at lines 500--501
[]$\OT1/cmtt/m/n/9 WhatisEuclideanDistance ? https : / / machinelearningtutoria
ls . com /
 []


Underfull \hbox (badness 1048) in paragraph at lines 503--504
[]\OT1/cmr/m/n/9 Text Sim-i-lar-i-ties, Meenu Ahluwalia and Brian Coari, Avail-
able at: []$\OT1/cmtt/m/n/9 https :
 []


Underfull \hbox (badness 10000) in paragraph at lines 503--504
\OT1/cmtt/m/n/9 / / github . com / coarib / SMU _ Masters _ PST / blob / master
 / src / TextSimilarity _
 []


Underfull \hbox (badness 10000) in paragraph at lines 513--514
[]\OT1/cmr/m/n/9 Figure 5, Avail-able at: []$\OT1/cmtt/m/n/9 https : / / raw . 
githubusercontent . com /
 []


Underfull \hbox (badness 10000) in paragraph at lines 513--514
\OT1/cmtt/m/n/9 amansrivastava17 / lstm-[]siamese-[]text-[]similarity / master 
/ images / arch _
 []


Underfull \hbox (badness 10000) in paragraph at lines 516--518
[]\OT1/cmr/m/n/9 Google's word2ve,c Avail-able at: []$\OT1/cmtt/m/n/9 https : /
 / code . google . com / archive / p /
 []


Underfull \hbox (badness 10000) in paragraph at lines 520--522
\OT1/cmr/m/n/9 at: []$\OT1/cmtt/m/n/9 http : / / people . csail . mit . edu / j
onasmueller / info / MuellerThyagarajan _
 []


Overfull \hbox (15.1233pt too wide) in paragraph at lines 534--535
[]$\OT1/cmtt/m/n/10 https : / / github . com / coarib / SMU _ Masters _ PST / b
lob / master / data / processed /
 []


Overfull \hbox (46.62303pt too wide) in paragraph at lines 541--541
[]\OT1/cmtt/m/n/10 select text, sentence_id from Sentences where language_key='
[Language_Key]'[] 
 []


Overfull \hbox (36.12312pt too wide) in paragraph at lines 551--551
[]\OT1/cmtt/m/n/10 left join masters.Sentences a on a.sentence_id=Translations.
sentence_id_1[] 
 []


Overfull \hbox (36.12312pt too wide) in paragraph at lines 551--551
[]\OT1/cmtt/m/n/10 left join masters.Sentences b on b.sentence_id=Translations.
sentence_id_2[] 
 []

<Friends_Comparison.png, id=280, 531.48563pt x 545.03625pt>
File: Friends_Comparison.png Graphic file (type png)
<use Friends_Comparison.png>
Package pdftex.def Info: Friends_Comparison.png  used on input line 559.
(pdftex.def)             Requested size: 347.12354pt x 355.98259pt.

Package caption Warning: The option `hypcap=true' will be ignored for this
(caption)                particular \caption on input line 560.
See the caption package documentation for explanation.


Underfull \hbox (badness 10000) in paragraph at lines 557--566

 []

[22]
<Language_Match.png, id=299, 828.09375pt x 145.29282pt>
File: Language_Match.png Graphic file (type png)
<use Language_Match.png>
Package pdftex.def Info: Language_Match.png  used on input line 574.
(pdftex.def)             Requested size: 347.12354pt x 60.90506pt.


Package caption Warning: The option `hypcap=true' will be ignored for this
(caption)                particular \caption on input line 575.
See the caption package documentation for explanation.


Underfull \hbox (badness 10000) in paragraph at lines 572--581

 []


Underfull \vbox (badness 10000) has occurred while \output is active []

 [23

 <./Friends_Comparison.png>]
<Dessert_Comparison.png, id=306, 529.22719pt x 530.73282pt>
File: Dessert_Comparison.png Graphic file (type png)
<use Dessert_Comparison.png>
Package pdftex.def Info: Dessert_Comparison.png  used on input line 589.
(pdftex.def)             Requested size: 347.12354pt x 348.1144pt.


Package caption Warning: The option `hypcap=true' will be ignored for this
(caption)                particular \caption on input line 590.
See the caption package documentation for explanation.


Underfull \hbox (badness 10000) in paragraph at lines 587--596

 []


Underfull \vbox (badness 10000) has occurred while \output is active []

 [24

 <./Language_Match.png>]
<Terrible_Comparison.png, id=313, 542.025pt x 548.0475pt>
File: Terrible_Comparison.png Graphic file (type png)
<use Terrible_Comparison.png>
Package pdftex.def Info: Terrible_Comparison.png  used on input line 603.
(pdftex.def)             Requested size: 347.12354pt x 350.99171pt.


Package caption Warning: The option `hypcap=true' will be ignored for this
(caption)                particular \caption on input line 604.
See the caption package documentation for explanation.


Underfull \hbox (badness 10000) in paragraph at lines 601--610

 []


Underfull \vbox (badness 10000) has occurred while \output is active []

 [25

 <./Dessert_Comparison.png>]
<Park_Comparison.png, id=321, 852.93657pt x 515.67656pt>
File: Park_Comparison.png Graphic file (type png)
<use Park_Comparison.png>
Package pdftex.def Info: Park_Comparison.png  used on input line 615.
(pdftex.def)             Requested size: 347.12354pt x 209.87077pt.


Package caption Warning: The option `hypcap=true' will be ignored for this
(caption)                particular \caption on input line 616.
See the caption package documentation for explanation.

<Park_Translation.png, id=322, 828.84656pt x 144.54pt>
File: Park_Translation.png Graphic file (type png)
<use Park_Translation.png>
Package pdftex.def Info: Park_Translation.png  used on input line 624.
(pdftex.def)             Requested size: 347.12354pt x 60.53214pt.

Package caption Warning: The option `hypcap=true' will be ignored for this
(caption)                particular \caption on input line 625.
See the caption package documentation for explanation.


Underfull \hbox (badness 10000) in paragraph at lines 613--631

 []


Underfull \vbox (badness 10000) has occurred while \output is active []

 [26

 <./Terrible_Comparison.png>] [27 <./Park_Comparison.png> <./Park_Translation.p
ng>]
Package atveryend Info: Empty hook `BeforeClearDocument' on input line 631.
Package atveryend Info: Empty hook `AfterLastShipout' on input line 631.

(./AhluwaliaCoariBrockDraftDesign.aux)
Package atveryend Info: Executing hook `AtVeryEndDocument' on input line 631.
Package atveryend Info: Executing hook `AtEndAfterFileList' on input line 631.
Package rerunfilecheck Info: File `AhluwaliaCoariBrockDraftDesign.out' has not 
changed.
(rerunfilecheck)             Checksum: 6C1B9E536B6A6271A5088D532A71F3E8;182.


LaTeX Font Warning: Some font shapes were not available, defaults substituted.


LaTeX Warning: There were multiply-defined labels.

Package atveryend Info: Empty hook `AtVeryVeryEnd' on input line 631.
 ) 
Here is how much of TeX's memory you used:
 6716 strings out of 492649
 102862 string characters out of 6129622
 203933 words of memory out of 5000000
 10444 multiletter control sequences out of 15000+600000
 7970 words of font info for 29 fonts, out of 8000000 for 9000
 1141 hyphenation exceptions out of 8191
 36i,8n,39p,1275b,459s stack positions out of 5000i,500n,10000p,200000b,80000s
</usr/local/texlive/2018/texmf-dist/fonts/type1/public/amsfonts/cm/cmbx10.pfb
></usr/local/texlive/2018/texmf-dist/fonts/type1/public/amsfonts/cm/cmbx12.pfb>
</usr/local/texlive/2018/texmf-dist/fonts/type1/public/amsfonts/cm/cmbx9.pfb></
usr/local/texlive/2018/texmf-dist/fonts/type1/public/amsfonts/cm/cmr10.pfb></us
r/local/texlive/2018/texmf-dist/fonts/type1/public/amsfonts/cm/cmr9.pfb></usr/l
ocal/texlive/2018/texmf-dist/fonts/type1/public/amsfonts/cm/cmsy9.pfb></usr/loc
al/texlive/2018/texmf-dist/fonts/type1/public/amsfonts/cm/cmti10.pfb></usr/loca
l/texlive/2018/texmf-dist/fonts/type1/public/amsfonts/cm/cmtt10.pfb></usr/local
/texlive/2018/texmf-dist/fonts/type1/public/amsfonts/cm/cmtt9.pfb>
Output written on AhluwaliaCoariBrockDraftDesign.pdf (27 pages, 795397 bytes).
PDF statistics:
 390 PDF objects out of 1000 (max. 8388607)
 300 compressed objects within 3 object streams
 106 named destinations out of 1000 (max. 500000)
 107 words of extra memory for PDF output out of 10000 (max. 10000000)

